
Showing logs for build [32mcb-kubecd-environment-pr-208-38-q9vg7-1[0m stage [32mfrom-build-pack[0m and container [32mstep-credential-initializer-rzhpv[0m
{"level":"info","ts":1587685969.6986036,"logger":"fallback-logger","caller":"logging/config.go:69","msg":"Fetch GitHub commit ID from kodata failed: open /var/run/ko/refs/heads/0.8.0-ns-support: no such file or directory"}
{"level":"info","ts":1587685969.6992807,"logger":"fallback-logger","caller":"creds-init/main.go:40","msg":"Credentials initialized."}

Showing logs for build [32mcb-kubecd-environment-pr-208-38-q9vg7-1[0m stage [32mfrom-build-pack[0m and container [32mstep-working-dir-initializer-c45lj[0m
{"level":"info","ts":1587685970.6710234,"logger":"fallback-logger","caller":"logging/config.go:69","msg":"Fetch GitHub commit ID from kodata failed: open /var/run/ko/HEAD: no such file or directory"}
{"level":"info","ts":1587685970.6722345,"logger":"fallback-logger","caller":"bash/main.go:64","msg":"Successfully executed command \"sh -c mkdir -p /workspace/source\"; output "}

Showing logs for build [32mcb-kubecd-environment-pr-208-38-q9vg7-1[0m stage [32mfrom-build-pack[0m and container [32mstep-place-tools[0m

Showing logs for build [32mcb-kubecd-environment-pr-208-38-q9vg7-1[0m stage [32mfrom-build-pack[0m and container [32mstep-git-source-cb-kubecd-environment-pr-208-38-q9vg7-9rtrh[0m
{"level":"info","ts":1587685975.750379,"logger":"fallback-logger","caller":"logging/config.go:69","msg":"Fetch GitHub commit ID from kodata failed: open /var/run/ko/refs/heads/0.8.0-ns-support: no such file or directory"}
{"level":"info","ts":1587685976.8479688,"logger":"fallback-logger","caller":"git/git.go:103","msg":"Successfully cloned https://github.com/cb-kubecd/environment-pr-208-38-boot-vault-gke-staging.git @ master in path /workspace/source"}

Showing logs for build [32mcb-kubecd-environment-pr-208-38-q9vg7-1[0m stage [32mfrom-build-pack[0m and container [32mstep-git-merge[0m
Using SHAs from PULL_REFS=master:f6c6d3be2e6adb1d5ede81b9be87d7dcd019b4a0,4:a3a774e11ca238e418657cbe88b4d91f200eee38
DEBUG: LC_ALL=C JX_LOG_LEVEL=error git fetch origin --unshallow a3a774e11ca238e418657cbe88b4d91f200eee38: f6c6d3be2e6adb1d5ede81b9be87d7dcd019b4a0:
DEBUG: ran git fetch --unshallow origin a3a774e11ca238e418657cbe88b4d91f200eee38: f6c6d3be2e6adb1d5ede81b9be87d7dcd019b4a0: in 
DEBUG: LC_ALL=C JX_LOG_LEVEL=error git branch
DEBUG: LC_ALL=C JX_LOG_LEVEL=error git checkout master
DEBUG: ran git checkout master in 
DEBUG: LC_ALL=C JX_LOG_LEVEL=error git reset --hard f6c6d3be2e6adb1d5ede81b9be87d7dcd019b4a0
DEBUG: ran git reset --hard f6c6d3be2e6adb1d5ede81b9be87d7dcd019b4a0 in 
DEBUG: LC_ALL=C JX_LOG_LEVEL=error git clean -fd .
DEBUG: ran clean --force -d . in 
DEBUG: LC_ALL=C JX_LOG_LEVEL=error git merge a3a774e11ca238e418657cbe88b4d91f200eee38
DEBUG: ran git merge a3a774e11ca238e418657cbe88b4d91f200eee38 in 
DEBUG: LC_ALL=C JX_LOG_LEVEL=error git log --format=%H%x1f%an%x1f%ae%x1f%cn%x1f%ce%x1f%s%n%b%x1e f6c6d3be2e6adb1d5ede81b9be87d7dcd019b4a0..HEAD
Merged SHA a3a774e11ca238e418657cbe88b4d91f200eee38 with commit message 'chore: Promote bdd-nh-1587683054 to version 0.0.1' into base branch master

Showing logs for build [32mcb-kubecd-environment-pr-208-38-q9vg7-1[0m stage [32mfrom-build-pack[0m and container [32mstep-build-helm-build[0m
WARNING: No $CHART_REPOSITORY defined so using the default value of: http://jenkins-x-chartmuseum:8080
Adding missing Helm repo: storage.googleapis.com https://storage.googleapis.com/chartmuseum.jenkins-x.io
WARNING: No secrets found on "helm/repos" due: reading the secret "helm/repos" from vault: no secret "helm/repos" not found in vault
Read credentials for https://storage.googleapis.com/chartmuseum.jenkins-x.io from vault helm/repos
Successfully added Helm repository storage.googleapis.com.
Adding missing Helm repo: jenkins-x-chartmuseum http://jenkins-x-chartmuseum:8080
WARNING: No secrets found on "helm/repos" due: reading the secret "helm/repos" from vault: no secret "helm/repos" not found in vault
Read credentials for http://jenkins-x-chartmuseum:8080 from vault helm/repos
Successfully added Helm repository jenkins-x-chartmuseum.
WARNING: No $CHART_REPOSITORY defined so using the default value of: http://jenkins-x-chartmuseum:8080
Adding missing Helm repo: chartmuseum.jenkins-x.io http://chartmuseum.jenkins-x.io
WARNING: No secrets found on "helm/repos" due: reading the secret "helm/repos" from vault: no secret "helm/repos" not found in vault
Read credentials for http://chartmuseum.jenkins-x.io from vault helm/repos
Successfully added Helm repository chartmuseum.jenkins-x.io.
